<?xml version="1.0" encoding="UTF-8"?>
<!-- Generated by org.testng.reporters.JUnitReportReporter -->
<testsuite hostname="jeevan-11987" failures="0" tests="9" name="com.jash.protokit.merger.ProtoMergerTest" time="0.203" errors="0" timestamp="2025-04-02T12:38:07 IST" skipped="0">
  <testcase classname="com.jash.protokit.merger.ProtoMergerTest" name="testMerger" time="0.005"/>
  <testcase classname="com.jash.protokit.merger.ProtoMergerTest" name="testMerger" time="0.003"/>
  <testcase classname="com.jash.protokit.merger.ProtoMergerTest" name="testMerger" time="0.002"/>
  <testcase classname="com.jash.protokit.merger.ProtoMergerTest" name="testMerger" time="0.002"/>
  <testcase classname="com.jash.protokit.merger.ProtoMergerTest" name="testMerger" time="0.010"/>
  <testcase classname="com.jash.protokit.merger.ProtoMergerTest" name="testMerger" time="0.007"/>
  <testcase classname="com.jash.protokit.merger.ProtoMergerTest" name="testMerger" time="0.005"/>
  <testcase classname="com.jash.protokit.merger.ProtoMergerTest" name="testMerger" time="0.160"/>
  <testcase classname="com.jash.protokit.merger.ProtoMergerTest" name="testMerger" time="0.009"/>
</testsuite> <!-- com.jash.protokit.merger.ProtoMergerTest -->
