<?xml version="1.0" encoding="UTF-8"?>
<!-- Generated by org.testng.reporters.JUnitReportReporter -->
<testsuite hostname="jeevan-11987" failures="0" tests="2" name="com.jash.protokit.comparer.ProtoComparerTest" time="0.155" errors="0" timestamp="2025-04-03T22:32:31 IST" skipped="0">
  <testcase classname="com.jash.protokit.comparer.ProtoComparerTest" name="testComparer" time="0.143"/>
  <testcase classname="com.jash.protokit.comparer.ProtoComparerTest" name="testComparer" time="0.012"/>
</testsuite> <!-- com.jash.protokit.comparer.ProtoComparerTest -->
