<?xml version="1.0" encoding="UTF-8"?>
<!-- Generated by org.testng.reporters.JUnitReportReporter -->
<testsuite hostname="jeevan-11987" failures="0" tests="10" name="com.jash.protokit.comparer.ProtoComparerTest" time="0.032" errors="0" timestamp="2025-04-07T23:47:23 IST" skipped="0">
  <testcase classname="com.jash.protokit.comparer.ProtoComparerTest" name="testComparer" time="0.005"/>
  <testcase classname="com.jash.protokit.comparer.ProtoComparerTest" name="testComparer" time="0.001"/>
  <testcase classname="com.jash.protokit.comparer.ProtoComparerTest" name="testComparer" time="0.002"/>
  <testcase classname="com.jash.protokit.comparer.ProtoComparerTest" name="testComparer" time="0.003"/>
  <testcase classname="com.jash.protokit.comparer.ProtoComparerTest" name="testComparer" time="0.002"/>
  <testcase classname="com.jash.protokit.comparer.ProtoComparerTest" name="testComparer" time="0.003"/>
  <testcase classname="com.jash.protokit.comparer.ProtoComparerTest" name="testComparer" time="0.001"/>
  <testcase classname="com.jash.protokit.comparer.ProtoComparerTest" name="testComparer" time="0.002"/>
  <testcase classname="com.jash.protokit.comparer.ProtoComparerTest" name="testComparer" time="0.009"/>
  <testcase classname="com.jash.protokit.comparer.ProtoComparerTest" name="testComparer" time="0.004"/>
</testsuite> <!-- com.jash.protokit.comparer.ProtoComparerTest -->
