<?xml version="1.0" encoding="UTF-8"?>
<!-- Generated by org.testng.reporters.JUnitReportReporter -->
<testsuite hostname="jeevan-11987" failures="0" tests="3" name="com.jash.protokit.simplifier.ProtoSimplifierTest" time="0.144" errors="0" timestamp="2025-03-31T20:35:23 IST" skipped="0">
  <testcase classname="com.jash.protokit.simplifier.ProtoSimplifierTest" name="testSimplifier" time="0.134"/>
  <testcase classname="com.jash.protokit.simplifier.ProtoSimplifierTest" name="testSimplifier" time="0.004"/>
  <testcase classname="com.jash.protokit.simplifier.ProtoSimplifierTest" name="testSimplifier" time="0.006"/>
</testsuite> <!-- com.jash.protokit.simplifier.ProtoSimplifierTest -->
