<?xml version="1.0" encoding="UTF-8"?>
<!-- Generated by org.testng.reporters.JUnitReportReporter -->
<testsuite hostname="jeevan-11987" failures="0" tests="6" name="com.jash.protokit.AppTest" time="0.044" errors="0" timestamp="2025-03-30T23:37:04 IST" skipped="0">
  <testcase classname="com.jash.protokit.AppTest" name="subTest" time="0.002"/>
  <testcase classname="com.jash.protokit.AppTest" name="addTest" time="0.033"/>
  <testcase classname="com.jash.protokit.AppTest" name="addTest" time="0.002"/>
  <testcase classname="com.jash.protokit.AppTest" name="subTest" time="0.002"/>
  <testcase classname="com.jash.protokit.AppTest" name="subTest" time="0.003"/>
  <testcase classname="com.jash.protokit.AppTest" name="addTest" time="0.002"/>
</testsuite> <!-- com.jash.protokit.AppTest -->
