<?xml version="1.0" encoding="UTF-8"?>
<!-- Generated by org.testng.reporters.JUnitReportReporter -->
<testsuite hostname="jeevan-11987" failures="0" tests="1" name="com.jash.protokit.comparer.ProtoComparerTest" time="0.033" errors="0" timestamp="2025-04-02T23:11:01 IST" skipped="0">
  <testcase classname="com.jash.protokit.comparer.ProtoComparerTest" name="testComparer" time="0.033"/>
</testsuite> <!-- com.jash.protokit.comparer.ProtoComparerTest -->
