<?xml version="1.0" encoding="UTF-8"?>
<!-- Generated by org.testng.reporters.JUnitReportReporter -->
<testsuite hostname="jeevan-11987" failures="0" tests="9" name="com.jash.protokit.merger.ProtoMergerTest" time="0.064" errors="0" timestamp="2025-04-02T23:11:01 IST" skipped="0">
  <testcase classname="com.jash.protokit.merger.ProtoMergerTest" name="testMerger" time="0.013"/>
  <testcase classname="com.jash.protokit.merger.ProtoMergerTest" name="testMerger" time="0.003"/>
  <testcase classname="com.jash.protokit.merger.ProtoMergerTest" name="testMerger" time="0.025"/>
  <testcase classname="com.jash.protokit.merger.ProtoMergerTest" name="testMerger" time="0.005"/>
  <testcase classname="com.jash.protokit.merger.ProtoMergerTest" name="testMerger" time="0.005"/>
  <testcase classname="com.jash.protokit.merger.ProtoMergerTest" name="testMerger" time="0.004"/>
  <testcase classname="com.jash.protokit.merger.ProtoMergerTest" name="testMerger" time="0.004"/>
  <testcase classname="com.jash.protokit.merger.ProtoMergerTest" name="testMerger" time="0.002"/>
  <testcase classname="com.jash.protokit.merger.ProtoMergerTest" name="testMerger" time="0.003"/>
</testsuite> <!-- com.jash.protokit.merger.ProtoMergerTest -->
