<?xml version="1.0" encoding="UTF-8"?>
<!-- Generated by org.testng.reporters.JUnitReportReporter -->
<testsuite hostname="jeevan-11987" failures="0" tests="3" name="com.jash.protokit.simplifier.ProtoSimplifierTest" time="0.106" errors="0" timestamp="2025-04-07T23:47:23 IST" skipped="0">
  <testcase classname="com.jash.protokit.simplifier.ProtoSimplifierTest" name="testSimplifier" time="0.006"/>
  <testcase classname="com.jash.protokit.simplifier.ProtoSimplifierTest" name="testSimplifier" time="0.007"/>
  <testcase classname="com.jash.protokit.simplifier.ProtoSimplifierTest" name="testSimplifier" time="0.093"/>
</testsuite> <!-- com.jash.protokit.simplifier.ProtoSimplifierTest -->
