<?xml version="1.0" encoding="UTF-8"?>
<!-- Generated by org.testng.reporters.JUnitReportReporter -->
<testsuite hostname="jeevan-11987" failures="0" tests="9" name="com.jash.protokit.merger.ProtoMergerTest" time="0.213" errors="0" timestamp="2025-04-02T20:14:29 IST" skipped="0">
  <testcase classname="com.jash.protokit.merger.ProtoMergerTest" name="testMerger" time="0.004"/>
  <testcase classname="com.jash.protokit.merger.ProtoMergerTest" name="testMerger" time="0.003"/>
  <testcase classname="com.jash.protokit.merger.ProtoMergerTest" name="testMerger" time="0.005"/>
  <testcase classname="com.jash.protokit.merger.ProtoMergerTest" name="testMerger" time="0.003"/>
  <testcase classname="com.jash.protokit.merger.ProtoMergerTest" name="testMerger" time="0.010"/>
  <testcase classname="com.jash.protokit.merger.ProtoMergerTest" name="testMerger" time="0.007"/>
  <testcase classname="com.jash.protokit.merger.ProtoMergerTest" name="testMerger" time="0.005"/>
  <testcase classname="com.jash.protokit.merger.ProtoMergerTest" name="testMerger" time="0.166"/>
  <testcase classname="com.jash.protokit.merger.ProtoMergerTest" name="testMerger" time="0.010"/>
</testsuite> <!-- com.jash.protokit.merger.ProtoMergerTest -->
