<?xml version="1.0" encoding="UTF-8"?>
<!-- Generated by org.testng.reporters.JUnitReportReporter -->
<testsuite hostname="jeevan-11987" failures="0" tests="8" name="com.jash.protokit.merger.ProtoMergerTest" time="0.205" errors="0" timestamp="2025-04-01T12:14:20 IST" skipped="0">
  <testcase classname="com.jash.protokit.merger.ProtoMergerTest" name="testMerger" time="0.168"/>
  <testcase classname="com.jash.protokit.merger.ProtoMergerTest" name="testMerger" time="0.002"/>
  <testcase classname="com.jash.protokit.merger.ProtoMergerTest" name="testMerger" time="0.009"/>
  <testcase classname="com.jash.protokit.merger.ProtoMergerTest" name="testMerger" time="0.009"/>
  <testcase classname="com.jash.protokit.merger.ProtoMergerTest" name="testMerger" time="0.006"/>
  <testcase classname="com.jash.protokit.merger.ProtoMergerTest" name="testMerger" time="0.003"/>
  <testcase classname="com.jash.protokit.merger.ProtoMergerTest" name="testMerger" time="0.006"/>
  <testcase classname="com.jash.protokit.merger.ProtoMergerTest" name="testMerger" time="0.002"/>
</testsuite> <!-- com.jash.protokit.merger.ProtoMergerTest -->
