<?xml version="1.0" encoding="UTF-8"?>
<!-- Generated by org.testng.reporters.JUnitReportReporter -->
<testsuite hostname="jeevan-11987" failures="0" tests="4" name="com.jash.protokit.comparer.ProtoComparerTest" time="0.174" errors="0" timestamp="2025-04-03T22:56:51 IST" skipped="0">
  <testcase classname="com.jash.protokit.comparer.ProtoComparerTest" name="testComparer" time="0.156"/>
  <testcase classname="com.jash.protokit.comparer.ProtoComparerTest" name="testComparer" time="0.010"/>
  <testcase classname="com.jash.protokit.comparer.ProtoComparerTest" name="testComparer" time="0.003"/>
  <testcase classname="com.jash.protokit.comparer.ProtoComparerTest" name="testComparer" time="0.005"/>
</testsuite> <!-- com.jash.protokit.comparer.ProtoComparerTest -->
