<?xml version="1.0" encoding="UTF-8"?>
<!-- Generated by org.testng.reporters.JUnitReportReporter -->
<testsuite hostname="jeevan-11987" failures="0" tests="6" name="com.jash.protokit.comparer.ProtoComparerTest" time="0.215" errors="0" timestamp="2025-04-06T22:21:51 IST" skipped="0">
  <testcase classname="com.jash.protokit.comparer.ProtoComparerTest" name="testComparer" time="0.004"/>
  <testcase classname="com.jash.protokit.comparer.ProtoComparerTest" name="testComparer" time="0.146"/>
  <testcase classname="com.jash.protokit.comparer.ProtoComparerTest" name="testComparer" time="0.002"/>
  <testcase classname="com.jash.protokit.comparer.ProtoComparerTest" name="testComparer" time="0.005"/>
  <testcase classname="com.jash.protokit.comparer.ProtoComparerTest" name="testComparer" time="0.011"/>
  <testcase classname="com.jash.protokit.comparer.ProtoComparerTest" name="testComparer" time="0.047"/>
</testsuite> <!-- com.jash.protokit.comparer.ProtoComparerTest -->
